## SLURM PROLOG ###############################################################
##    Job ID : 3680644
##  Job Name : cuda.sh
##  Nodelist : gpu1210
##      CPUs : 8
##   Mem/CPU : 2800 MB
## Directory : /gpfs_home/guest287/Documents/apma_2822b/hw/hw_4
##   Started : Wed Apr 17 13:44:34 EDT 2019
###############################################################################
module: unloading 'cuda/9.1.85.1'
module: loading 'cuda/9.1.85.1'
-- The C compiler identification is GNU 4.8.5
-- The CXX compiler identification is GNU 4.8.5
-- Check for working C compiler: /usr/bin/cc
-- Check for working C compiler: /usr/bin/cc -- works
-- Detecting C compiler ABI info
-- Detecting C compiler ABI info - done
-- Check for working CXX compiler: /usr/bin/c++
-- Check for working CXX compiler: /usr/bin/c++ -- works
-- Detecting CXX compiler ABI info
-- Detecting CXX compiler ABI info - done
-- Found CUDA: /gpfs/runtime/opt/cuda/9.1.85.1/cuda (found version "9.1") 
-- Try OpenMP C flag = [-fopenmp]
-- Performing Test OpenMP_FLAG_DETECTED
-- Performing Test OpenMP_FLAG_DETECTED - Success
-- Try OpenMP CXX flag = [-fopenmp]
-- Performing Test OpenMP_FLAG_DETECTED
-- Performing Test OpenMP_FLAG_DETECTED - Success
-- Found OpenMP: -fopenmp  
-- Configuring done
-- Generating done
-- Build files have been written to: /gpfs_home/guest287/Documents/apma_2822b/hw/hw_4/build
[ 33%] [100%] [100%] Building NVCC (Device) object CMakeFiles/app.dir/src/./app_generated_utils.cu.o
Building NVCC (Device) object CMakeFiles/app.dir/src/./app_generated_spmv.cu.o
Building NVCC (Device) object CMakeFiles/app.dir/src/./app_generated_methods.cu.o
Scanning dependencies of target app
Linking CXX executable ../bin/app
[100%] Built target app
==205760== NVPROF is profiling process 205760, command: ./bin/app
==205760== Generated result file: /gpfs_home/guest287/Documents/apma_2822b/hw/hw_4/app_tex.nvpf
nnz=1189787 Nrow=21713 Ncol=21713 nnz per row = 54.7961
done reading data
average nzr count is: 54.796067, max nzr count is: 87
======= Timings CRS =======
cpu times: 
all times: 1.238725e-03,1.148821e-03,1.117689e-03,1.121768e-03,1.140032e-03,1.105543e-03,1.130349e-03,1.127566e-03,1.070490e-03,1.164941e-03
average not including first two runs: 1.122297e-03

gpu times: 
all times: 1.104960e-04,4.899200e-05,4.857600e-05,4.796800e-05,4.761600e-05,4.617600e-05,4.739200e-05,4.681600e-05,4.588800e-05,4.713600e-05
average not including first two runs: 4.719600e-05

cpu managed before tranfer to the gpu times: 
all times: 1.465238e-03,1.467799e-03,1.350616e-03,1.220765e-03,1.101996e-03,1.105731e-03,1.097627e-03,1.094154e-03,1.096238e-03,1.094001e-03
average not including first two runs: 1.145141e-03

gpu managed times: 
all times: 4.194080e-03,4.982400e-05,4.780800e-05,4.729600e-05,4.716800e-05,4.819200e-05,4.796800e-05,4.726400e-05,6.268800e-05,4.780800e-05
average not including first two runs: 4.952400e-05

cpu managed after tranfer to the gpu times: 
all times: 1.465238e-03,1.467799e-03,1.350616e-03,1.220765e-03,1.101996e-03,1.105731e-03,1.097627e-03,1.094154e-03,1.096238e-03,1.094001e-03
average not including first two runs: 1.145141e-03

cuda sparse library times: 
all times: 1.102400e-04,4.179200e-05,4.012800e-05,4.009600e-05,4.006400e-05,3.942400e-05,3.990400e-05,3.948800e-05,3.936000e-05,3.974400e-05
average not including first two runs: 3.977600e-05


before gpu
after gpu
before gpu
after gpu

======= Timings ELLPACK =======
cpu times: 
all times: 1.271548e-03,4.279990e-04,2.613950e-04,2.350640e-04,2.380440e-04,2.344710e-04,2.336130e-04,2.316640e-04,2.332640e-04,2.368470e-04
average not including first two runs: 2.380452e-04

gpu times: 
all times: 2.893760e-04,5.097600e-05,5.059200e-05,4.979200e-05,4.918400e-05,4.921600e-05,4.803200e-05,4.896000e-05,5.443200e-05,5.020800e-05
average not including first two runs: 5.005200e-05

cpu managed before tranfer to the gpu times: 
all times: 1.002693e-03,7.974120e-04,3.547640e-04,2.713750e-04,2.689380e-04,2.721910e-04,2.673950e-04,2.677750e-04,2.680520e-04,2.719070e-04
average not including first two runs: 2.802996e-04

gpu managed times: 
all times: 8.258176e-03,5.849600e-05,5.264000e-05,5.072000e-05,4.928000e-05,4.886400e-05,4.921600e-05,4.947200e-05,4.912000e-05,4.825600e-05
average not including first two runs: 4.969600e-05

cpu managed after tranfer to the gpu times: 
all times: 1.002693e-03,7.974120e-04,3.547640e-04,2.713750e-04,2.689380e-04,2.721910e-04,2.673950e-04,2.677750e-04,2.680520e-04,2.719070e-04
average not including first two runs: 2.802996e-04


