## SLURM PROLOG ###############################################################
##    Job ID : 3683632
##  Job Name : cuda.sh
##  Nodelist : gpu1210
##      CPUs : 8
##   Mem/CPU : 2800 MB
## Directory : /gpfs_home/guest287/Documents/apma_2822b/hw/hw_4
##   Started : Wed Apr 17 18:37:31 EDT 2019
###############################################################################
module: unloading 'cuda/10.0.130'
module: loading 'cuda/9.1.85.1'
==220151== NVPROF is profiling process 220151, command: ./bin/app
nnz=1189787 Nrow=21713 Ncol=21713 nnz per row = 54.7961
done reading data
average nzr count is: 54.796067, max nzr count is: 87
======= Timings CRS =======
cpu times: 
all times: 7.989560e-04,1.593470e-04,1.586510e-04,1.583970e-04,1.586230e-04,1.698400e-04,1.588360e-04,1.587760e-04,1.588180e-04,1.584670e-04
average not including first two runs: 1.600510e-04

gpu times: 
all times: 5.334400e-05,4.668800e-05,4.742400e-05,4.614400e-05,4.614400e-05,4.630400e-05,4.755200e-05,4.604800e-05,4.604800e-05,4.604800e-05
average not including first two runs: 4.646400e-05

gpu_tex times: 
all times: 1.091520e-04,5.129600e-05,4.912000e-05,4.844800e-05,4.752000e-05,4.934400e-05,4.835200e-05,4.819200e-05,4.876800e-05,4.816000e-05
average not including first two runs: 4.848800e-05

cpu managed before tranfer to the gpu times: 
all times: 2.447670e-04,2.344980e-04,1.753500e-04,1.593970e-04,1.586650e-04,1.584990e-04,1.585890e-04,1.586240e-04,1.613750e-04,1.580800e-04
average not including first two runs: 1.610724e-04

gpu managed times: 
all times: 4.469568e-03,4.918400e-05,4.796800e-05,4.688000e-05,4.627200e-05,4.662400e-05,4.723200e-05,4.608000e-05,4.656000e-05,4.633600e-05
average not including first two runs: 4.674400e-05

cpu managed after tranfer to the gpu times: 
all times: 2.447670e-04,2.344980e-04,1.753500e-04,1.593970e-04,1.586650e-04,1.584990e-04,1.585890e-04,1.586240e-04,1.613750e-04,1.580800e-04
average not including first two runs: 1.610724e-04

cuda sparse library times: 
all times: 1.065280e-04,4.323200e-05,3.977600e-05,3.881600e-05,3.872000e-05,3.862400e-05,3.868800e-05,3.868800e-05,3.827200e-05,3.932800e-05
average not including first two runs: 3.886400e-05



======= Timings ELLPACK =======
cpu times: 
all times: 7.101640e-04,3.498100e-04,2.545160e-04,2.330640e-04,2.324970e-04,2.315210e-04,2.349920e-04,2.321350e-04,2.317290e-04,2.312970e-04
average not including first two runs: 2.352189e-04

gpu times: 
all times: 5.331200e-05,4.723200e-05,4.729600e-05,4.768000e-05,4.806400e-05,4.745600e-05,4.796800e-05,4.723200e-05,4.774400e-05,4.790400e-05
average not including first two runs: 4.766800e-05

gpu_tex times: 
all times: 4.881280e-04,4.928000e-05,4.761600e-05,4.713600e-05,4.764800e-05,4.668800e-05,4.758400e-05,4.857600e-05,4.768000e-05,4.832000e-05
average not including first two runs: 4.765600e-05

cpu managed before tranfer to the gpu times: 
all times: 1.024591e-03,8.099850e-04,3.533850e-04,2.925170e-04,2.853590e-04,2.868570e-04,2.898640e-04,2.834920e-04,2.848480e-04,2.833620e-04
average not including first two runs: 2.949605e-04

gpu managed times: 
all times: 8.975392e-03,5.948800e-05,4.678400e-05,4.742400e-05,4.774400e-05,4.723200e-05,4.787200e-05,4.800000e-05,4.800000e-05,4.742400e-05
average not including first two runs: 4.756000e-05

cpu managed after tranfer to the gpu times: 
all times: 1.024591e-03,8.099850e-04,3.533850e-04,2.925170e-04,2.853590e-04,2.868570e-04,2.898640e-04,2.834920e-04,2.848480e-04,2.833620e-04
average not including first two runs: 2.949605e-04


==220151== Generated result file: /gpfs_home/guest287/Documents/apma_2822b/hw/hw_4/app_less.nvpf
